<?xml version="1.0" encoding="UTF-8"?>
<testsuite xmlns:xsi="http://www.w3.org/2001/XMLSchema-instance" xsi:noNamespaceSchemaLocation="https://maven.apache.org/surefire/maven-surefire-plugin/xsd/surefire-test-report.xsd" name="cj.myapp.backend.BackendApplicationTests" time="2.66" tests="1" errors="0" skipped="0" failures="0">
  <properties>
    <property name="gopherProxySet" value="false"/>
    <property name="awt.toolkit" value="sun.lwawt.macosx.LWCToolkit"/>
    <property name="socksProxyHost" value="127.0.0.1"/>
    <property name="http.proxyHost" value="127.0.0.1"/>
    <property name="java.specification.version" value="1.8"/>
    <property name="file.encoding.pkg" value="sun.io"/>
    <property name="sun.cpu.isalist" value=""/>
    <property name="sun.jnu.encoding" value="UTF-8"/>
    <property name="java.class.path" value="/Users/cuijie/Desktop/myApp/backend/target/test-classes:/Users/cuijie/Desktop/myApp/backend/target/classes:/Users/cuijie/repository/org/springframework/boot/spring-boot-starter-web/2.7.0/spring-boot-starter-web-2.7.0.jar:/Users/cuijie/repository/org/springframework/boot/spring-boot-starter/2.7.0/spring-boot-starter-2.7.0.jar:/Users/cuijie/repository/org/springframework/boot/spring-boot/2.7.0/spring-boot-2.7.0.jar:/Users/cuijie/repository/org/springframework/boot/spring-boot-autoconfigure/2.7.0/spring-boot-autoconfigure-2.7.0.jar:/Users/cuijie/repository/org/springframework/boot/spring-boot-starter-logging/2.7.0/spring-boot-starter-logging-2.7.0.jar:/Users/cuijie/repository/ch/qos/logback/logback-classic/1.2.11/logback-classic-1.2.11.jar:/Users/cuijie/repository/ch/qos/logback/logback-core/1.2.11/logback-core-1.2.11.jar:/Users/cuijie/repository/org/apache/logging/log4j/log4j-to-slf4j/2.17.2/log4j-to-slf4j-2.17.2.jar:/Users/cuijie/repository/org/apache/logging/log4j/log4j-api/2.17.2/log4j-api-2.17.2.jar:/Users/cuijie/repository/org/slf4j/jul-to-slf4j/1.7.36/jul-to-slf4j-1.7.36.jar:/Users/cuijie/repository/jakarta/annotation/jakarta.annotation-api/1.3.5/jakarta.annotation-api-1.3.5.jar:/Users/cuijie/repository/org/yaml/snakeyaml/1.30/snakeyaml-1.30.jar:/Users/cuijie/repository/org/springframework/boot/spring-boot-starter-json/2.7.0/spring-boot-starter-json-2.7.0.jar:/Users/cuijie/repository/com/fasterxml/jackson/datatype/jackson-datatype-jdk8/2.13.3/jackson-datatype-jdk8-2.13.3.jar:/Users/cuijie/repository/com/fasterxml/jackson/datatype/jackson-datatype-jsr310/2.13.3/jackson-datatype-jsr310-2.13.3.jar:/Users/cuijie/repository/com/fasterxml/jackson/module/jackson-module-parameter-names/2.13.3/jackson-module-parameter-names-2.13.3.jar:/Users/cuijie/repository/org/springframework/boot/spring-boot-starter-tomcat/2.7.0/spring-boot-starter-tomcat-2.7.0.jar:/Users/cuijie/repository/org/apache/tomcat/embed/tomcat-embed-core/9.0.63/tomcat-embed-core-9.0.63.jar:/Users/cuijie/repository/org/apache/tomcat/embed/tomcat-embed-el/9.0.63/tomcat-embed-el-9.0.63.jar:/Users/cuijie/repository/org/apache/tomcat/embed/tomcat-embed-websocket/9.0.63/tomcat-embed-websocket-9.0.63.jar:/Users/cuijie/repository/org/springframework/spring-web/5.3.20/spring-web-5.3.20.jar:/Users/cuijie/repository/org/springframework/spring-beans/5.3.20/spring-beans-5.3.20.jar:/Users/cuijie/repository/org/springframework/spring-webmvc/5.3.20/spring-webmvc-5.3.20.jar:/Users/cuijie/repository/org/springframework/spring-aop/5.3.20/spring-aop-5.3.20.jar:/Users/cuijie/repository/org/springframework/spring-context/5.3.20/spring-context-5.3.20.jar:/Users/cuijie/repository/org/springframework/spring-expression/5.3.20/spring-expression-5.3.20.jar:/Users/cuijie/repository/mysql/mysql-connector-java/8.0.29/mysql-connector-java-8.0.29.jar:/Users/cuijie/repository/org/mybatis/spring/boot/mybatis-spring-boot-starter/2.2.0/mybatis-spring-boot-starter-2.2.0.jar:/Users/cuijie/repository/org/springframework/boot/spring-boot-starter-jdbc/2.7.0/spring-boot-starter-jdbc-2.7.0.jar:/Users/cuijie/repository/com/zaxxer/HikariCP/4.0.3/HikariCP-4.0.3.jar:/Users/cuijie/repository/org/springframework/spring-jdbc/5.3.20/spring-jdbc-5.3.20.jar:/Users/cuijie/repository/org/springframework/spring-tx/5.3.20/spring-tx-5.3.20.jar:/Users/cuijie/repository/org/mybatis/spring/boot/mybatis-spring-boot-autoconfigure/2.2.0/mybatis-spring-boot-autoconfigure-2.2.0.jar:/Users/cuijie/repository/org/mybatis/mybatis/3.5.7/mybatis-3.5.7.jar:/Users/cuijie/repository/org/mybatis/mybatis-spring/2.0.6/mybatis-spring-2.0.6.jar:/Users/cuijie/repository/org/springframework/boot/spring-boot-starter-test/2.7.0/spring-boot-starter-test-2.7.0.jar:/Users/cuijie/repository/org/springframework/boot/spring-boot-test/2.7.0/spring-boot-test-2.7.0.jar:/Users/cuijie/repository/org/springframework/boot/spring-boot-test-autoconfigure/2.7.0/spring-boot-test-autoconfigure-2.7.0.jar:/Users/cuijie/repository/com/jayway/jsonpath/json-path/2.7.0/json-path-2.7.0.jar:/Users/cuijie/repository/net/minidev/json-smart/2.4.8/json-smart-2.4.8.jar:/Users/cuijie/repository/net/minidev/accessors-smart/2.4.8/accessors-smart-2.4.8.jar:/Users/cuijie/repository/org/ow2/asm/asm/9.1/asm-9.1.jar:/Users/cuijie/repository/org/slf4j/slf4j-api/1.7.36/slf4j-api-1.7.36.jar:/Users/cuijie/repository/jakarta/xml/bind/jakarta.xml.bind-api/2.3.3/jakarta.xml.bind-api-2.3.3.jar:/Users/cuijie/repository/jakarta/activation/jakarta.activation-api/1.2.2/jakarta.activation-api-1.2.2.jar:/Users/cuijie/repository/org/assertj/assertj-core/3.22.0/assertj-core-3.22.0.jar:/Users/cuijie/repository/org/hamcrest/hamcrest/2.2/hamcrest-2.2.jar:/Users/cuijie/repository/org/junit/jupiter/junit-jupiter/5.8.2/junit-jupiter-5.8.2.jar:/Users/cuijie/repository/org/junit/jupiter/junit-jupiter-api/5.8.2/junit-jupiter-api-5.8.2.jar:/Users/cuijie/repository/org/opentest4j/opentest4j/1.2.0/opentest4j-1.2.0.jar:/Users/cuijie/repository/org/junit/platform/junit-platform-commons/1.8.2/junit-platform-commons-1.8.2.jar:/Users/cuijie/repository/org/apiguardian/apiguardian-api/1.1.2/apiguardian-api-1.1.2.jar:/Users/cuijie/repository/org/junit/jupiter/junit-jupiter-params/5.8.2/junit-jupiter-params-5.8.2.jar:/Users/cuijie/repository/org/junit/jupiter/junit-jupiter-engine/5.8.2/junit-jupiter-engine-5.8.2.jar:/Users/cuijie/repository/org/junit/platform/junit-platform-engine/1.8.2/junit-platform-engine-1.8.2.jar:/Users/cuijie/repository/org/mockito/mockito-core/4.5.1/mockito-core-4.5.1.jar:/Users/cuijie/repository/net/bytebuddy/byte-buddy/1.12.10/byte-buddy-1.12.10.jar:/Users/cuijie/repository/net/bytebuddy/byte-buddy-agent/1.12.10/byte-buddy-agent-1.12.10.jar:/Users/cuijie/repository/org/objenesis/objenesis/3.2/objenesis-3.2.jar:/Users/cuijie/repository/org/mockito/mockito-junit-jupiter/4.5.1/mockito-junit-jupiter-4.5.1.jar:/Users/cuijie/repository/org/skyscreamer/jsonassert/1.5.0/jsonassert-1.5.0.jar:/Users/cuijie/repository/com/vaadin/external/google/android-json/0.0.20131108.vaadin1/android-json-0.0.20131108.vaadin1.jar:/Users/cuijie/repository/org/springframework/spring-core/5.3.20/spring-core-5.3.20.jar:/Users/cuijie/repository/org/springframework/spring-jcl/5.3.20/spring-jcl-5.3.20.jar:/Users/cuijie/repository/org/springframework/spring-test/5.3.20/spring-test-5.3.20.jar:/Users/cuijie/repository/org/xmlunit/xmlunit-core/2.9.0/xmlunit-core-2.9.0.jar:/Users/cuijie/repository/org/projectlombok/lombok/1.18.24/lombok-1.18.24.jar:/Users/cuijie/repository/io/jsonwebtoken/jjwt/0.9.0/jjwt-0.9.0.jar:/Users/cuijie/repository/com/fasterxml/jackson/core/jackson-databind/2.13.3/jackson-databind-2.13.3.jar:/Users/cuijie/repository/com/fasterxml/jackson/core/jackson-annotations/2.13.3/jackson-annotations-2.13.3.jar:/Users/cuijie/repository/com/fasterxml/jackson/core/jackson-core/2.13.3/jackson-core-2.13.3.jar:"/>
    <property name="https.proxyPort" value="8118"/>
    <property name="java.vm.vendor" value="Oracle Corporation"/>
    <property name="sun.arch.data.model" value="64"/>
    <property name="java.vendor.url" value="http://java.oracle.com/"/>
    <property name="user.timezone" value=""/>
    <property name="java.vm.specification.version" value="1.8"/>
    <property name="os.name" value="Mac OS X"/>
    <property name="user.country" value="CN"/>
    <property name="sun.java.launcher" value="SUN_STANDARD"/>
    <property name="sun.boot.library.path" value="/Library/Java/JavaVirtualMachines/jdk1.8.0_333.jdk/Contents/Home/jre/lib"/>
    <property name="sun.java.command" value="/Users/cuijie/Desktop/myApp/backend/target/surefire/surefirebooter5178142147209771324.jar /Users/cuijie/Desktop/myApp/backend/target/surefire 2023-04-26T23-45-58_075-jvmRun1 surefire6595894961545499331tmp surefire_05126207508036871262tmp"/>
    <property name="http.nonProxyHosts" value="17.0.0.0/8|*.17.0.0.0/8|configuration.apple.com|*.configuration.apple.com|192.168.0.0/16|*.192.168.0.0/16|172.16.0.0/12|*.172.16.0.0/12|guzzoni.apple.com|*.guzzoni.apple.com|captive.apple.com|*.captive.apple.com|push.apple.com|*.push.apple.com|smp-device-content.apple.com|*.smp-device-content.apple.com|127.0.0.1|local|*.local|xp.apple.com|*.xp.apple.com|push-apple.com.akadns.net|*.push-apple.com.akadns.net|100.64.0.0/10|*.100.64.0.0/10|api.smoot.apple.com|*.api.smoot.apple.com|localhost|*.localhost|193.168.0.0/24|*.193.168.0.0/24|10.0.0.0/8|*.10.0.0.0/8|ess.apple.com|*.ess.apple.com"/>
    <property name="surefire.test.class.path" value="/Users/cuijie/Desktop/myApp/backend/target/test-classes:/Users/cuijie/Desktop/myApp/backend/target/classes:/Users/cuijie/repository/org/springframework/boot/spring-boot-starter-web/2.7.0/spring-boot-starter-web-2.7.0.jar:/Users/cuijie/repository/org/springframework/boot/spring-boot-starter/2.7.0/spring-boot-starter-2.7.0.jar:/Users/cuijie/repository/org/springframework/boot/spring-boot/2.7.0/spring-boot-2.7.0.jar:/Users/cuijie/repository/org/springframework/boot/spring-boot-autoconfigure/2.7.0/spring-boot-autoconfigure-2.7.0.jar:/Users/cuijie/repository/org/springframework/boot/spring-boot-starter-logging/2.7.0/spring-boot-starter-logging-2.7.0.jar:/Users/cuijie/repository/ch/qos/logback/logback-classic/1.2.11/logback-classic-1.2.11.jar:/Users/cuijie/repository/ch/qos/logback/logback-core/1.2.11/logback-core-1.2.11.jar:/Users/cuijie/repository/org/apache/logging/log4j/log4j-to-slf4j/2.17.2/log4j-to-slf4j-2.17.2.jar:/Users/cuijie/repository/org/apache/logging/log4j/log4j-api/2.17.2/log4j-api-2.17.2.jar:/Users/cuijie/repository/org/slf4j/jul-to-slf4j/1.7.36/jul-to-slf4j-1.7.36.jar:/Users/cuijie/repository/jakarta/annotation/jakarta.annotation-api/1.3.5/jakarta.annotation-api-1.3.5.jar:/Users/cuijie/repository/org/yaml/snakeyaml/1.30/snakeyaml-1.30.jar:/Users/cuijie/repository/org/springframework/boot/spring-boot-starter-json/2.7.0/spring-boot-starter-json-2.7.0.jar:/Users/cuijie/repository/com/fasterxml/jackson/datatype/jackson-datatype-jdk8/2.13.3/jackson-datatype-jdk8-2.13.3.jar:/Users/cuijie/repository/com/fasterxml/jackson/datatype/jackson-datatype-jsr310/2.13.3/jackson-datatype-jsr310-2.13.3.jar:/Users/cuijie/repository/com/fasterxml/jackson/module/jackson-module-parameter-names/2.13.3/jackson-module-parameter-names-2.13.3.jar:/Users/cuijie/repository/org/springframework/boot/spring-boot-starter-tomcat/2.7.0/spring-boot-starter-tomcat-2.7.0.jar:/Users/cuijie/repository/org/apache/tomcat/embed/tomcat-embed-core/9.0.63/tomcat-embed-core-9.0.63.jar:/Users/cuijie/repository/org/apache/tomcat/embed/tomcat-embed-el/9.0.63/tomcat-embed-el-9.0.63.jar:/Users/cuijie/repository/org/apache/tomcat/embed/tomcat-embed-websocket/9.0.63/tomcat-embed-websocket-9.0.63.jar:/Users/cuijie/repository/org/springframework/spring-web/5.3.20/spring-web-5.3.20.jar:/Users/cuijie/repository/org/springframework/spring-beans/5.3.20/spring-beans-5.3.20.jar:/Users/cuijie/repository/org/springframework/spring-webmvc/5.3.20/spring-webmvc-5.3.20.jar:/Users/cuijie/repository/org/springframework/spring-aop/5.3.20/spring-aop-5.3.20.jar:/Users/cuijie/repository/org/springframework/spring-context/5.3.20/spring-context-5.3.20.jar:/Users/cuijie/repository/org/springframework/spring-expression/5.3.20/spring-expression-5.3.20.jar:/Users/cuijie/repository/mysql/mysql-connector-java/8.0.29/mysql-connector-java-8.0.29.jar:/Users/cuijie/repository/org/mybatis/spring/boot/mybatis-spring-boot-starter/2.2.0/mybatis-spring-boot-starter-2.2.0.jar:/Users/cuijie/repository/org/springframework/boot/spring-boot-starter-jdbc/2.7.0/spring-boot-starter-jdbc-2.7.0.jar:/Users/cuijie/repository/com/zaxxer/HikariCP/4.0.3/HikariCP-4.0.3.jar:/Users/cuijie/repository/org/springframework/spring-jdbc/5.3.20/spring-jdbc-5.3.20.jar:/Users/cuijie/repository/org/springframework/spring-tx/5.3.20/spring-tx-5.3.20.jar:/Users/cuijie/repository/org/mybatis/spring/boot/mybatis-spring-boot-autoconfigure/2.2.0/mybatis-spring-boot-autoconfigure-2.2.0.jar:/Users/cuijie/repository/org/mybatis/mybatis/3.5.7/mybatis-3.5.7.jar:/Users/cuijie/repository/org/mybatis/mybatis-spring/2.0.6/mybatis-spring-2.0.6.jar:/Users/cuijie/repository/org/springframework/boot/spring-boot-starter-test/2.7.0/spring-boot-starter-test-2.7.0.jar:/Users/cuijie/repository/org/springframework/boot/spring-boot-test/2.7.0/spring-boot-test-2.7.0.jar:/Users/cuijie/repository/org/springframework/boot/spring-boot-test-autoconfigure/2.7.0/spring-boot-test-autoconfigure-2.7.0.jar:/Users/cuijie/repository/com/jayway/jsonpath/json-path/2.7.0/json-path-2.7.0.jar:/Users/cuijie/repository/net/minidev/json-smart/2.4.8/json-smart-2.4.8.jar:/Users/cuijie/repository/net/minidev/accessors-smart/2.4.8/accessors-smart-2.4.8.jar:/Users/cuijie/repository/org/ow2/asm/asm/9.1/asm-9.1.jar:/Users/cuijie/repository/org/slf4j/slf4j-api/1.7.36/slf4j-api-1.7.36.jar:/Users/cuijie/repository/jakarta/xml/bind/jakarta.xml.bind-api/2.3.3/jakarta.xml.bind-api-2.3.3.jar:/Users/cuijie/repository/jakarta/activation/jakarta.activation-api/1.2.2/jakarta.activation-api-1.2.2.jar:/Users/cuijie/repository/org/assertj/assertj-core/3.22.0/assertj-core-3.22.0.jar:/Users/cuijie/repository/org/hamcrest/hamcrest/2.2/hamcrest-2.2.jar:/Users/cuijie/repository/org/junit/jupiter/junit-jupiter/5.8.2/junit-jupiter-5.8.2.jar:/Users/cuijie/repository/org/junit/jupiter/junit-jupiter-api/5.8.2/junit-jupiter-api-5.8.2.jar:/Users/cuijie/repository/org/opentest4j/opentest4j/1.2.0/opentest4j-1.2.0.jar:/Users/cuijie/repository/org/junit/platform/junit-platform-commons/1.8.2/junit-platform-commons-1.8.2.jar:/Users/cuijie/repository/org/apiguardian/apiguardian-api/1.1.2/apiguardian-api-1.1.2.jar:/Users/cuijie/repository/org/junit/jupiter/junit-jupiter-params/5.8.2/junit-jupiter-params-5.8.2.jar:/Users/cuijie/repository/org/junit/jupiter/junit-jupiter-engine/5.8.2/junit-jupiter-engine-5.8.2.jar:/Users/cuijie/repository/org/junit/platform/junit-platform-engine/1.8.2/junit-platform-engine-1.8.2.jar:/Users/cuijie/repository/org/mockito/mockito-core/4.5.1/mockito-core-4.5.1.jar:/Users/cuijie/repository/net/bytebuddy/byte-buddy/1.12.10/byte-buddy-1.12.10.jar:/Users/cuijie/repository/net/bytebuddy/byte-buddy-agent/1.12.10/byte-buddy-agent-1.12.10.jar:/Users/cuijie/repository/org/objenesis/objenesis/3.2/objenesis-3.2.jar:/Users/cuijie/repository/org/mockito/mockito-junit-jupiter/4.5.1/mockito-junit-jupiter-4.5.1.jar:/Users/cuijie/repository/org/skyscreamer/jsonassert/1.5.0/jsonassert-1.5.0.jar:/Users/cuijie/repository/com/vaadin/external/google/android-json/0.0.20131108.vaadin1/android-json-0.0.20131108.vaadin1.jar:/Users/cuijie/repository/org/springframework/spring-core/5.3.20/spring-core-5.3.20.jar:/Users/cuijie/repository/org/springframework/spring-jcl/5.3.20/spring-jcl-5.3.20.jar:/Users/cuijie/repository/org/springframework/spring-test/5.3.20/spring-test-5.3.20.jar:/Users/cuijie/repository/org/xmlunit/xmlunit-core/2.9.0/xmlunit-core-2.9.0.jar:/Users/cuijie/repository/org/projectlombok/lombok/1.18.24/lombok-1.18.24.jar:/Users/cuijie/repository/io/jsonwebtoken/jjwt/0.9.0/jjwt-0.9.0.jar:/Users/cuijie/repository/com/fasterxml/jackson/core/jackson-databind/2.13.3/jackson-databind-2.13.3.jar:/Users/cuijie/repository/com/fasterxml/jackson/core/jackson-annotations/2.13.3/jackson-annotations-2.13.3.jar:/Users/cuijie/repository/com/fasterxml/jackson/core/jackson-core/2.13.3/jackson-core-2.13.3.jar:"/>
    <property name="sun.cpu.endian" value="little"/>
    <property name="user.home" value="/Users/cuijie"/>
    <property name="user.language" value="zh"/>
    <property name="java.specification.vendor" value="Oracle Corporation"/>
    <property name="java.home" value="/Library/Java/JavaVirtualMachines/jdk1.8.0_333.jdk/Contents/Home/jre"/>
    <property name="basedir" value="/Users/cuijie/Desktop/myApp/backend"/>
    <property name="https.proxyHost" value="127.0.0.1"/>
    <property name="file.separator" value="/"/>
    <property name="line.separator" value="&#10;"/>
    <property name="java.vm.specification.vendor" value="Oracle Corporation"/>
    <property name="java.specification.name" value="Java Platform API Specification"/>
    <property name="java.awt.graphicsenv" value="sun.awt.CGraphicsEnvironment"/>
    <property name="surefire.real.class.path" value="/Users/cuijie/Desktop/myApp/backend/target/surefire/surefirebooter5178142147209771324.jar"/>
    <property name="sun.boot.class.path" value="/Library/Java/JavaVirtualMachines/jdk1.8.0_333.jdk/Contents/Home/jre/lib/resources.jar:/Library/Java/JavaVirtualMachines/jdk1.8.0_333.jdk/Contents/Home/jre/lib/rt.jar:/Library/Java/JavaVirtualMachines/jdk1.8.0_333.jdk/Contents/Home/jre/lib/sunrsasign.jar:/Library/Java/JavaVirtualMachines/jdk1.8.0_333.jdk/Contents/Home/jre/lib/jsse.jar:/Library/Java/JavaVirtualMachines/jdk1.8.0_333.jdk/Contents/Home/jre/lib/jce.jar:/Library/Java/JavaVirtualMachines/jdk1.8.0_333.jdk/Contents/Home/jre/lib/charsets.jar:/Library/Java/JavaVirtualMachines/jdk1.8.0_333.jdk/Contents/Home/jre/lib/jfr.jar:/Library/Java/JavaVirtualMachines/jdk1.8.0_333.jdk/Contents/Home/jre/classes"/>
    <property name="sun.management.compiler" value="HotSpot 64-Bit Tiered Compilers"/>
    <property name="ftp.nonProxyHosts" value="17.0.0.0/8|*.17.0.0.0/8|configuration.apple.com|*.configuration.apple.com|192.168.0.0/16|*.192.168.0.0/16|172.16.0.0/12|*.172.16.0.0/12|guzzoni.apple.com|*.guzzoni.apple.com|captive.apple.com|*.captive.apple.com|push.apple.com|*.push.apple.com|smp-device-content.apple.com|*.smp-device-content.apple.com|127.0.0.1|local|*.local|xp.apple.com|*.xp.apple.com|push-apple.com.akadns.net|*.push-apple.com.akadns.net|100.64.0.0/10|*.100.64.0.0/10|api.smoot.apple.com|*.api.smoot.apple.com|localhost|*.localhost|193.168.0.0/24|*.193.168.0.0/24|10.0.0.0/8|*.10.0.0.0/8|ess.apple.com|*.ess.apple.com"/>
    <property name="java.runtime.version" value="1.8.0_333-b02"/>
    <property name="user.name" value="cuijie"/>
    <property name="path.separator" value=":"/>
    <property name="os.version" value="12.6.4"/>
    <property name="java.endorsed.dirs" value="/Library/Java/JavaVirtualMachines/jdk1.8.0_333.jdk/Contents/Home/jre/lib/endorsed"/>
    <property name="java.runtime.name" value="Java(TM) SE Runtime Environment"/>
    <property name="file.encoding" value="UTF-8"/>
    <property name="java.vm.name" value="Java HotSpot(TM) 64-Bit Server VM"/>
    <property name="localRepository" value="/Users/cuijie/repository"/>
    <property name="java.vendor.url.bug" value="http://bugreport.sun.com/bugreport/"/>
    <property name="java.io.tmpdir" value="/var/folders/7f/p1yf43gd7ys99b0957l6g2240000gn/T/"/>
    <property name="idea.version" value="2021.3.3"/>
    <property name="java.version" value="1.8.0_333"/>
    <property name="user.dir" value="/Users/cuijie/Desktop/myApp/backend"/>
    <property name="os.arch" value="x86_64"/>
    <property name="socksProxyPort" value="8119"/>
    <property name="java.vm.specification.name" value="Java Virtual Machine Specification"/>
    <property name="java.awt.printerjob" value="sun.lwawt.macosx.CPrinterJob"/>
    <property name="sun.os.patch.level" value="unknown"/>
    <property name="java.library.path" value="/Users/cuijie/Library/Java/Extensions:/Library/Java/Extensions:/Network/Library/Java/Extensions:/System/Library/Java/Extensions:/usr/lib/java:."/>
    <property name="java.vm.info" value="mixed mode"/>
    <property name="java.vendor" value="Oracle Corporation"/>
    <property name="java.vm.version" value="25.333-b02"/>
    <property name="java.ext.dirs" value="/Users/cuijie/Library/Java/Extensions:/Library/Java/JavaVirtualMachines/jdk1.8.0_333.jdk/Contents/Home/jre/lib/ext:/Library/Java/Extensions:/Network/Library/Java/Extensions:/System/Library/Java/Extensions:/usr/lib/java"/>
    <property name="sun.io.unicode.encoding" value="UnicodeBig"/>
    <property name="maven.repo.local" value="/Users/cuijie/repository"/>
    <property name="java.class.version" value="52.0"/>
    <property name="socksNonProxyHosts" value="17.0.0.0/8|*.17.0.0.0/8|configuration.apple.com|*.configuration.apple.com|192.168.0.0/16|*.192.168.0.0/16|172.16.0.0/12|*.172.16.0.0/12|guzzoni.apple.com|*.guzzoni.apple.com|captive.apple.com|*.captive.apple.com|push.apple.com|*.push.apple.com|smp-device-content.apple.com|*.smp-device-content.apple.com|127.0.0.1|local|*.local|xp.apple.com|*.xp.apple.com|push-apple.com.akadns.net|*.push-apple.com.akadns.net|100.64.0.0/10|*.100.64.0.0/10|api.smoot.apple.com|*.api.smoot.apple.com|localhost|*.localhost|193.168.0.0/24|*.193.168.0.0/24|10.0.0.0/8|*.10.0.0.0/8|ess.apple.com|*.ess.apple.com"/>
    <property name="http.proxyPort" value="8118"/>
  </properties>
  <testcase name="contextLoads" classname="cj.myapp.backend.BackendApplicationTests" time="0.224"/>
</testsuite>